[616:9272:0411/174529.223:INFO:components\enterprise\browser\controller\chrome_browser_cloud_management_controller.cc:225] No machine level policy manager exists.
[5176:18056:0411/174529.446:INFO:third_party\webrtc\rtc_base\cpu_info.cc:75] Available number of cores: 8
[22964:9700:0411/174529.452:ERROR:ui\gl\direct_composition_support.cc:612] AMD VideoProcessorGetOutputExtension failed: Unspecified error (0x80004005)
[22964:9700:0411/174529.454:VERBOSE1:components\viz\service\main\viz_main_impl.cc:86] VizNullHypothesis is disabled (not a warning)
[15676:16460:0411/174529.458:INFO:third_party\webrtc\rtc_base\cpu_info.cc:75] Available number of cores: 8
[21424:17024:0411/174530.057:INFO:third_party\webrtc\rtc_base\cpu_info.cc:75] Available number of cores: 8
[23464:23220:0411/174530.173:INFO:third_party\webrtc\rtc_base\cpu_info.cc:75] Available number of cores: 8
[22428:17632:0411/174532.668:INFO:third_party\webrtc\rtc_base\cpu_info.cc:75] Available number of cores: 8
[616:9272:0411/174534.219:INFO:CONSOLE:1] "BooleanExpression with operator "numericEquals" had an expression that evaluated to null on one side.", source: https://static.licdn.com/aero-v1/sc/h/assets/Br7LL2tT.js (1)
[616:9272:0411/174534.219:INFO:CONSOLE:1] "BooleanExpression with operator "numericEquals" had an expression that evaluated to null on one side.", source: https://static.licdn.com/aero-v1/sc/h/assets/Br7LL2tT.js (1)
[616:9272:0411/174534.236:INFO:CONSOLE:1] "BooleanExpression with operator "numericEquals" had an expression that evaluated to null on one side.", source: https://static.licdn.com/aero-v1/sc/h/assets/Br7LL2tT.js (1)
[616:9272:0411/174534.236:INFO:CONSOLE:1] "BooleanExpression with operator "numericEquals" had an expression that evaluated to null on one side.", source: https://static.licdn.com/aero-v1/sc/h/assets/Br7LL2tT.js (1)
[616:9272:0411/174534.253:INFO:CONSOLE:1] "BooleanExpression with operator "stringEquals" had an expression that evaluated to null on one side.", source: https://static.licdn.com/aero-v1/sc/h/assets/Br7LL2tT.js (1)
[616:9272:0411/174534.253:INFO:CONSOLE:1] "BooleanExpression with operator "not" had an expression that evaluated to null on one side.", source: https://static.licdn.com/aero-v1/sc/h/assets/Br7LL2tT.js (1)
[616:9272:0411/174534.253:INFO:CONSOLE:1] "BooleanExpression with operator "stringEquals" had an expression that evaluated to null on one side.", source: https://static.licdn.com/aero-v1/sc/h/assets/Br7LL2tT.js (1)
[616:9272:0411/174534.253:INFO:CONSOLE:1] "BooleanExpression with operator "not" had an expression that evaluated to null on one side.", source: https://static.licdn.com/aero-v1/sc/h/assets/Br7LL2tT.js (1)
[616:9272:0411/174534.253:INFO:CONSOLE:1] "BooleanExpression with operator "stringEquals" had an expression that evaluated to null on one side.", source: https://static.licdn.com/aero-v1/sc/h/assets/Br7LL2tT.js (1)
[616:9272:0411/174534.253:INFO:CONSOLE:1] "BooleanExpression with operator "or" had an expression that evaluated to null on one side.", source: https://static.licdn.com/aero-v1/sc/h/assets/Br7LL2tT.js (1)
[616:9272:0411/174534.253:INFO:CONSOLE:1] "BooleanExpression with operator "not" had an expression that evaluated to null on one side.", source: https://static.licdn.com/aero-v1/sc/h/assets/Br7LL2tT.js (1)
[616:9272:0411/174534.253:INFO:CONSOLE:1] "BooleanExpression with operator "and" had an expression that evaluated to null on one side.", source: https://static.licdn.com/aero-v1/sc/h/assets/Br7LL2tT.js (1)
[616:9272:0411/174534.253:INFO:CONSOLE:1] "BooleanExpression with operator "stringEquals" had an expression that evaluated to null on one side.", source: https://static.licdn.com/aero-v1/sc/h/assets/Br7LL2tT.js (1)
[616:9272:0411/174534.253:INFO:CONSOLE:1] "BooleanExpression with operator "or" had an expression that evaluated to null on one side.", source: https://static.licdn.com/aero-v1/sc/h/assets/Br7LL2tT.js (1)
[616:9272:0411/174534.253:INFO:CONSOLE:1] "BooleanExpression with operator "not" had an expression that evaluated to null on one side.", source: https://static.licdn.com/aero-v1/sc/h/assets/Br7LL2tT.js (1)
[616:9272:0411/174534.253:INFO:CONSOLE:1] "BooleanExpression with operator "and" had an expression that evaluated to null on one side.", source: https://static.licdn.com/aero-v1/sc/h/assets/Br7LL2tT.js (1)
[616:9272:0411/174534.301:INFO:CONSOLE:1] "BooleanExpression with operator "stringEquals" had an expression that evaluated to null on one side.", source: https://static.licdn.com/aero-v1/sc/h/assets/Br7LL2tT.js (1)
[616:9272:0411/174534.301:INFO:CONSOLE:1] "BooleanExpression with operator "stringEquals" had an expression that evaluated to null on one side.", source: https://static.licdn.com/aero-v1/sc/h/assets/Br7LL2tT.js (1)
[616:9272:0411/174534.301:INFO:CONSOLE:1] "BooleanExpression with operator "stringEquals" had an expression that evaluated to null on one side.", source: https://static.licdn.com/aero-v1/sc/h/assets/Br7LL2tT.js (1)
[616:9272:0411/174534.301:INFO:CONSOLE:1] "BooleanExpression with operator "stringEquals" had an expression that evaluated to null on one side.", source: https://static.licdn.com/aero-v1/sc/h/assets/Br7LL2tT.js (1)
[616:9272:0411/174534.353:INFO:CONSOLE:1] "BooleanExpression with operator "numericEquals" had an expression that evaluated to null on one side.", source: https://static.licdn.com/aero-v1/sc/h/assets/Br7LL2tT.js (1)
[616:9272:0411/174534.353:INFO:CONSOLE:1] "BooleanExpression with operator "numericEquals" had an expression that evaluated to null on one side.", source: https://static.licdn.com/aero-v1/sc/h/assets/Br7LL2tT.js (1)
[616:9272:0411/174534.356:INFO:CONSOLE:1] "BooleanExpression with operator "numericEquals" had an expression that evaluated to null on one side.", source: https://static.licdn.com/aero-v1/sc/h/assets/Br7LL2tT.js (1)
[616:9272:0411/174534.356:INFO:CONSOLE:1] "BooleanExpression with operator "numericEquals" had an expression that evaluated to null on one side.", source: https://static.licdn.com/aero-v1/sc/h/assets/Br7LL2tT.js (1)
[616:9272:0411/174534.364:INFO:CONSOLE:1] "BooleanExpression with operator "stringEquals" had an expression that evaluated to null on one side.", source: https://static.licdn.com/aero-v1/sc/h/assets/Br7LL2tT.js (1)
[616:9272:0411/174534.364:INFO:CONSOLE:1] "BooleanExpression with operator "not" had an expression that evaluated to null on one side.", source: https://static.licdn.com/aero-v1/sc/h/assets/Br7LL2tT.js (1)
[616:9272:0411/174534.364:INFO:CONSOLE:1] "BooleanExpression with operator "stringEquals" had an expression that evaluated to null on one side.", source: https://static.licdn.com/aero-v1/sc/h/assets/Br7LL2tT.js (1)
[616:9272:0411/174534.364:INFO:CONSOLE:1] "BooleanExpression with operator "not" had an expression that evaluated to null on one side.", source: https://static.licdn.com/aero-v1/sc/h/assets/Br7LL2tT.js (1)
[616:9272:0411/174534.365:INFO:CONSOLE:1] "BooleanExpression with operator "stringEquals" had an expression that evaluated to null on one side.", source: https://static.licdn.com/aero-v1/sc/h/assets/Br7LL2tT.js (1)
[616:9272:0411/174534.365:INFO:CONSOLE:1] "BooleanExpression with operator "or" had an expression that evaluated to null on one side.", source: https://static.licdn.com/aero-v1/sc/h/assets/Br7LL2tT.js (1)
[616:9272:0411/174534.365:INFO:CONSOLE:1] "BooleanExpression with operator "not" had an expression that evaluated to null on one side.", source: https://static.licdn.com/aero-v1/sc/h/assets/Br7LL2tT.js (1)
[616:9272:0411/174534.366:INFO:CONSOLE:1] "BooleanExpression with operator "and" had an expression that evaluated to null on one side.", source: https://static.licdn.com/aero-v1/sc/h/assets/Br7LL2tT.js (1)
[616:9272:0411/174534.366:INFO:CONSOLE:1] "BooleanExpression with operator "stringEquals" had an expression that evaluated to null on one side.", source: https://static.licdn.com/aero-v1/sc/h/assets/Br7LL2tT.js (1)
[616:9272:0411/174534.366:INFO:CONSOLE:1] "BooleanExpression with operator "or" had an expression that evaluated to null on one side.", source: https://static.licdn.com/aero-v1/sc/h/assets/Br7LL2tT.js (1)
[616:9272:0411/174534.367:INFO:CONSOLE:1] "BooleanExpression with operator "not" had an expression that evaluated to null on one side.", source: https://static.licdn.com/aero-v1/sc/h/assets/Br7LL2tT.js (1)
[616:9272:0411/174534.367:INFO:CONSOLE:1] "BooleanExpression with operator "and" had an expression that evaluated to null on one side.", source: https://static.licdn.com/aero-v1/sc/h/assets/Br7LL2tT.js (1)
[616:9272:0411/174534.392:INFO:CONSOLE:1] "BooleanExpression with operator "stringEquals" had an expression that evaluated to null on one side.", source: https://static.licdn.com/aero-v1/sc/h/assets/Br7LL2tT.js (1)
[616:9272:0411/174534.392:INFO:CONSOLE:1] "BooleanExpression with operator "stringEquals" had an expression that evaluated to null on one side.", source: https://static.licdn.com/aero-v1/sc/h/assets/Br7LL2tT.js (1)
[616:9272:0411/174534.392:INFO:CONSOLE:1] "BooleanExpression with operator "stringEquals" had an expression that evaluated to null on one side.", source: https://static.licdn.com/aero-v1/sc/h/assets/Br7LL2tT.js (1)
[616:9272:0411/174534.392:INFO:CONSOLE:1] "BooleanExpression with operator "stringEquals" had an expression that evaluated to null on one side.", source: https://static.licdn.com/aero-v1/sc/h/assets/Br7LL2tT.js (1)
[616:9272:0411/174534.404:INFO:CONSOLE:1] "BooleanExpression with operator "numericGreaterThan" had an expression that evaluated to null on one side.", source: https://static.licdn.com/aero-v1/sc/h/assets/Br7LL2tT.js (1)
[616:9272:0411/174534.404:INFO:CONSOLE:1] "BooleanExpression with operator "numericGreaterThan" had an expression that evaluated to null on one side.", source: https://static.licdn.com/aero-v1/sc/h/assets/Br7LL2tT.js (1)
[616:9272:0411/174534.447:INFO:CONSOLE:1] "BooleanExpression with operator "numericGreaterThan" had an expression that evaluated to null on one side.", source: https://static.licdn.com/aero-v1/sc/h/assets/Br7LL2tT.js (1)
[616:9272:0411/174534.447:INFO:CONSOLE:1] "BooleanExpression with operator "numericGreaterThan" had an expression that evaluated to null on one side.", source: https://static.licdn.com/aero-v1/sc/h/assets/Br7LL2tT.js (1)
[616:9272:0411/174534.507:INFO:CONSOLE:1] "BooleanExpression with operator "numericGreaterThan" had an expression that evaluated to null on one side.", source: https://static.licdn.com/aero-v1/sc/h/assets/Br7LL2tT.js (1)
[616:9272:0411/174534.507:INFO:CONSOLE:1] "BooleanExpression with operator "numericGreaterThan" had an expression that evaluated to null on one side.", source: https://static.licdn.com/aero-v1/sc/h/assets/Br7LL2tT.js (1)
[616:9272:0411/174534.780:INFO:CONSOLE:1] "BooleanExpression with operator "numericGreaterThan" had an expression that evaluated to null on one side.", source: https://static.licdn.com/aero-v1/sc/h/assets/Br7LL2tT.js (1)
[616:9272:0411/174534.780:INFO:CONSOLE:1] "BooleanExpression with operator "numericGreaterThan" had an expression that evaluated to null on one side.", source: https://static.licdn.com/aero-v1/sc/h/assets/Br7LL2tT.js (1)
[616:9272:0411/174534.799:INFO:CONSOLE:1] "BooleanExpression with operator "numericGreaterThan" had an expression that evaluated to null on one side.", source: https://static.licdn.com/aero-v1/sc/h/assets/Br7LL2tT.js (1)
[616:9272:0411/174534.799:INFO:CONSOLE:1] "BooleanExpression with operator "numericGreaterThan" had an expression that evaluated to null on one side.", source: https://static.licdn.com/aero-v1/sc/h/assets/Br7LL2tT.js (1)
[616:9272:0411/174534.830:INFO:CONSOLE:1] "BooleanExpression with operator "numericGreaterThan" had an expression that evaluated to null on one side.", source: https://static.licdn.com/aero-v1/sc/h/assets/Br7LL2tT.js (1)
[616:9272:0411/174534.831:INFO:CONSOLE:1] "BooleanExpression with operator "numericGreaterThan" had an expression that evaluated to null on one side.", source: https://static.licdn.com/aero-v1/sc/h/assets/Br7LL2tT.js (1)
[616:9272:0411/174535.069:INFO:CONSOLE:1] "Attribute 'exception.tags' of type 'object' could not be converted to a proto attribute.", source: https://static.licdn.com/aero-v1/sc/h/assets/B8ALA1TL.js (1)
[616:9272:0411/174535.069:INFO:CONSOLE:1] "Uncaught (in promise) Error: Minified React error #418; visit https://react.dev/errors/418?args[]= for the full message or use the non-minified dev environment for full errors and additional helpful warnings.", source: https://static.licdn.com/aero-v1/sc/h/assets/BFNA18Qi.js (1)
[616:9272:0411/174535.096:INFO:CONSOLE:1] "BooleanExpression with operator "numericGreaterThan" had an expression that evaluated to null on one side.", source: https://static.licdn.com/aero-v1/sc/h/assets/Br7LL2tT.js (1)
[616:9272:0411/174536.046:INFO:CONSOLE:8] "visitor.publishDestinations() result: The destination publishing iframe is already attached and loaded.", source: https://platform.linkedin.com/litms/utag/voyager-web-feed/utag.js?cb=1775909700000 (8)
[616:9272:0411/174536.069:INFO:CONSOLE:1] "External tag load event sent successfully: ", source: https://static.licdn.com/aero-v1/sc/h/assets/CYelE1dU.js (1)
[616:9272:0411/174536.110:INFO:CONSOLE:1] "TMS load event sent successfully: ", source: https://static.licdn.com/aero-v1/sc/h/assets/CYelE1dU.js (1)
[19072:21312:0411/174536.114:INFO:third_party\webrtc\rtc_base\cpu_info.cc:75] Available number of cores: 8
[616:9272:0411/174536.910:INFO:CONSOLE:1] "BooleanExpression with operator "numericGreaterThan" had an expression that evaluated to null on one side.", source: https://static.licdn.com/aero-v1/sc/h/assets/Br7LL2tT.js (1)
[616:9272:0411/174536.910:INFO:CONSOLE:1] "BooleanExpression with operator "numericGreaterThan" had an expression that evaluated to null on one side.", source: https://static.licdn.com/aero-v1/sc/h/assets/Br7LL2tT.js (1)
[616:9272:0411/174537.537:INFO:CONSOLE:1] "BooleanExpression with operator "numericGreaterThan" had an expression that evaluated to null on one side.", source: https://static.licdn.com/aero-v1/sc/h/assets/Br7LL2tT.js (1)
[616:9272:0411/174537.537:INFO:CONSOLE:1] "BooleanExpression with operator "numericGreaterThan" had an expression that evaluated to null on one side.", source: https://static.licdn.com/aero-v1/sc/h/assets/Br7LL2tT.js (1)
[616:9272:0411/174537.540:INFO:CONSOLE:1] "BooleanExpression with operator "numericGreaterThan" had an expression that evaluated to null on one side.", source: https://static.licdn.com/aero-v1/sc/h/assets/Br7LL2tT.js (1)
[616:9272:0411/174537.541:INFO:CONSOLE:1] "BooleanExpression with operator "numericGreaterThan" had an expression that evaluated to null on one side.", source: https://static.licdn.com/aero-v1/sc/h/assets/Br7LL2tT.js (1)
[616:9272:0411/174537.856:INFO:CONSOLE:1] "BooleanExpression with operator "numericGreaterThan" had an expression that evaluated to null on one side.", source: https://static.licdn.com/aero-v1/sc/h/assets/Br7LL2tT.js (1)
[616:9272:0411/174537.856:INFO:CONSOLE:1] "BooleanExpression with operator "numericGreaterThan" had an expression that evaluated to null on one side.", source: https://static.licdn.com/aero-v1/sc/h/assets/Br7LL2tT.js (1)
[3392:22960:0411/174537.871:INFO:third_party\webrtc\rtc_base\cpu_info.cc:75] Available number of cores: 8
[616:9272:0411/174537.873:INFO:CONSOLE:1] "BooleanExpression with operator "numericGreaterThan" had an expression that evaluated to null on one side.", source: https://static.licdn.com/aero-v1/sc/h/assets/Br7LL2tT.js (1)
[616:9272:0411/174537.873:INFO:CONSOLE:1] "BooleanExpression with operator "numericGreaterThan" had an expression that evaluated to null on one side.", source: https://static.licdn.com/aero-v1/sc/h/assets/Br7LL2tT.js (1)
[616:9272:0411/174537.878:INFO:CONSOLE:1] "BooleanExpression with operator "numericGreaterThan" had an expression that evaluated to null on one side.", source: https://static.licdn.com/aero-v1/sc/h/assets/Br7LL2tT.js (1)
[616:9272:0411/174537.878:INFO:CONSOLE:1] "BooleanExpression with operator "numericGreaterThan" had an expression that evaluated to null on one side.", source: https://static.licdn.com/aero-v1/sc/h/assets/Br7LL2tT.js (1)
[616:9272:0411/174537.989:INFO:CONSOLE:1] "BooleanExpression with operator "numericGreaterThan" had an expression that evaluated to null on one side.", source: https://static.licdn.com/aero-v1/sc/h/assets/Br7LL2tT.js (1)
[616:9272:0411/174537.989:INFO:CONSOLE:1] "BooleanExpression with operator "numericGreaterThan" had an expression that evaluated to null on one side.", source: https://static.licdn.com/aero-v1/sc/h/assets/Br7LL2tT.js (1)
[616:9272:0411/174538.063:INFO:CONSOLE:1] "BooleanExpression with operator "numericGreaterThan" had an expression that evaluated to null on one side.", source: https://static.licdn.com/aero-v1/sc/h/assets/Br7LL2tT.js (1)
[616:9272:0411/174538.064:INFO:CONSOLE:1] "BooleanExpression with operator "numericGreaterThan" had an expression that evaluated to null on one side.", source: https://static.licdn.com/aero-v1/sc/h/assets/Br7LL2tT.js (1)
[616:9272:0411/174538.194:INFO:CONSOLE:2] "%c ", source: https://client.protechts.net/PXdOjV695v/main.min.js (2)
[616:9272:0411/174538.223:INFO:CONSOLE:2] "%c ", source: https://client.protechts.net/PXdOjV695v/main.min.js (2)
[616:9272:0411/174538.543:INFO:CONSOLE:0] "Connecting to 'https://www.google.co.in/pagead/1p-conversion/867846157/?random=1748579933&cv=11&fst=1775909737443&bg=ffffff&guid=ON&async=1&en=conversion&gtm=45be6481v880450157za200zd880450157xec&gcs=G110&gcd=13r3q3X3r7l1&dma=0&tag_exp=0~115616986~115938466~115938469~118128922&u_w=1536&u_h=864&url=https%3A%2F%2Fwww.linkedin.com%2Ffeed%2F&rcb=13&label=jVDACOjG770BEI2Q6Z0D&capi=1&gtm_ee=1&frm=0&tiba=Feed%20%7C%20LinkedIn&did=dYmQxMT&gdid=dYmQxMT&hn=www.googleadservices.com&npa=1&pscdl=noapi&auid=938099910.1775907299&uaa=x8...IA2IICAAQABgAIAAyDAgEYggIABAAGAAgADIMCAdiCAgAEAAYACAAMgwICGIICAAQABgAIAAyDAgJYggIABAAGAAgADIMCApiCAgAEAAYACAAMgwIAmIICAAQABgAIAAyDAgLYggIABAAGAAgADIMCBViCAgAEAAYACAAMgwIH2IICAAQABgAIAAyDAgTYggIABAAGAAgADIMCBJiCAgAEAAYACAAOhlodHRwczovL3d3dy5saW5rZWRpbi5jb20vQldDaEVJOE9MbnpnWVFtSXplcGVlNGdiTEhBUklzQU42d2pHc0tUNmVsbEpiMTlNNVF4a09NZXVockQtelFxODA0dkp6SWJiN1FaUnpSdThHZkxIaVkxZG96DAgJYggIABAAGAAgAIIBCXABiAEB4gEBAg&ezwbk=AZuM4hByqiJE3c-kCjdR-j4qnVuL0xWjr0PvMobUIsdoMyKwf24uKHq-filfTStW3n7GmN-d_YpKVQaQ_uP1BDyUcmo6' violates the following Content Security Policy directive: "connect-src 'self' *.licdn.com *.linkedin.com cdn.linkedin.oribi.io dpm.demdex.net/id lnkd.demdex.net blob: data: accounts.google.com/gsi/ www.google.com/recaptcha/ linkedin.sc.omtrdc.net/b/ss/ *.microsoft.com login.microsoftonline.com *.adnxs.com *.qualtrics.com *.xlgmedia.com collect.tealiumiq.com bat.bing.com www.googletagmanager.com www.googleadservices.com googleads.g.doubleclick.net www.google.com google.com adservice.google.com td.doubleclick.net pagead2.googlesyndication.com ad.doubleclick.net trkn.us *.licdn.cn". The action has been blocked.", source: https://www.linkedin.com/feed/ (0)
[616:9272:0411/174538.790:INFO:CONSOLE:0] "Connecting to 'https://www.google.co.in/pagead/1p-conversion/867846157/?random=1748579933&cv=11&fst=1775909737443&bg=ffffff&guid=ON&async=1&en=conversion&gtm=45be6481v880450157za200zd880450157xec&gcs=G110&gcd=13r3q3X3r7l1&dma=0&tag_exp=0~115616986~115938466~115938469~118128922&u_w=1536&u_h=864&url=https%3A%2F%2Fwww.linkedin.com%2Ffeed%2F&rcb=13&label=jVDACOjG770BEI2Q6Z0D&capi=1&gtm_ee=1&frm=0&tiba=Feed%20%7C%20LinkedIn&did=dYmQxMT&gdid=dYmQxMT&hn=www.googleadservices.com&npa=1&pscdl=noapi&auid=938099910.1775907299&uaa=x8...IA2IICAAQABgAIAAyDAgEYggIABAAGAAgADIMCAdiCAgAEAAYACAAMgwICGIICAAQABgAIAAyDAgJYggIABAAGAAgADIMCApiCAgAEAAYACAAMgwIAmIICAAQABgAIAAyDAgLYggIABAAGAAgADIMCBViCAgAEAAYACAAMgwIH2IICAAQABgAIAAyDAgTYggIABAAGAAgADIMCBJiCAgAEAAYACAAOhlodHRwczovL3d3dy5saW5rZWRpbi5jb20vQldDaEVJOE9MbnpnWVFtSXplcGVlNGdiTEhBUklzQU42d2pHc0tUNmVsbEpiMTlNNVF4a09NZXVockQtelFxODA0dkp6SWJiN1FaUnpSdThHZkxIaVkxZG96DAgJYggIABAAGAAgAIIBCXABiAEB4gEBAg&ezwbk=AZuM4hDUKaOSQDSdSyyBmLUVRZSycbAGel5FOp1yvigLMAUVq8OYD9fbIPdjNCNtKzCUN3wT38L_345zT9s3R-HhUCrf' violates the following Content Security Policy directive: "connect-src 'self' *.licdn.com *.linkedin.com cdn.linkedin.oribi.io dpm.demdex.net/id lnkd.demdex.net blob: data: accounts.google.com/gsi/ www.google.com/recaptcha/ linkedin.sc.omtrdc.net/b/ss/ *.microsoft.com login.microsoftonline.com *.adnxs.com *.qualtrics.com *.xlgmedia.com collect.tealiumiq.com bat.bing.com www.googletagmanager.com www.googleadservices.com googleads.g.doubleclick.net www.google.com google.com adservice.google.com td.doubleclick.net pagead2.googlesyndication.com ad.doubleclick.net trkn.us *.licdn.cn". The action has been blocked.", source: https://www.linkedin.com/feed/ (0)
[16596:2448:0411/174538.875:INFO:third_party\webrtc\rtc_base\cpu_info.cc:75] Available number of cores: 8
[14124:15472:0411/174538.908:INFO:third_party\webrtc\rtc_base\cpu_info.cc:75] Available number of cores: 8
[616:9272:0411/174539.281:INFO:CONSOLE:1] "VIDEOJS: WARN: Using the tech directly can be dangerous. I hope you know what you're doing.
See https://github.com/videojs/video.js/issues/2617 for more info.
", source: https://static.licdn.com/aero-v1/sc/h/assets/B3Xe6qnB.js (1)
[616:9272:0411/174539.356:INFO:CONSOLE:0] "Connecting to 'https://www.google.co.in/pagead/1p-conversion/851212376/?random=1186813645&cv=11&fst=1775909738469&bg=ffffff&guid=ON&async=1&en=conversion&gtm=45be6481v9174922687za200zb880450157zd880450157xec&gcs=G110&gcd=13r3q3X3r7l1&dma=0&tag_exp=0~115616986~115938466~115938468~117384405&u_w=1536&u_h=864&url=https%3A%2F%2Fwww.linkedin.com%2Ffeed%2F&rcb=2&label=6PyMCP6clYcbENjw8ZUD&capi=1&gtm_ee=1&frm=0&tiba=Feed%20%7C%20LinkedIn&did=dYmQxMT&gdid=dYmQxMT&hn=www.googleadservices.com&npa=1&pscdl=noapi&auid=938099910.177590...IA2IICAAQABgAIAAyDAgEYggIABAAGAAgADIMCAdiCAgAEAAYACAAMgwICGIICAAQABgAIAAyDAgJYggIABAAGAAgADIMCApiCAgAEAAYACAAMgwIAmIICAAQABgAIAAyDAgLYggIABAAGAAgADIMCBViCAgAEAAYACAAMgwIH2IICAAQABgAIAAyDAgTYggIABAAGAAgADIMCBJiCAgAEAAYACAAOhlodHRwczovL3d3dy5saW5rZWRpbi5jb20vQldDaEVJOE9MbnpnWVFtSXplcGVlNGdiTEhBUklzQU42d2pHdjA4SXBYLXZwVUJFY3RVOWg0TzE0NUJ6LXNFSmM4OXBaN012VVFNYUlQbFJSMFM3MktrVkF6DAgJYggIABAAGAAgAIIBCXABiAEB4gEBAg&ezwbk=AZuM4hA0D9Okwkq-u2trbTLTzfDS6lnrvP9DpyQdfMI7e8eutk8UmyvIEjxscmvOQwy2Z2CGElm9hbbcXCGUuTpp49Ya' violates the following Content Security Policy directive: "connect-src 'self' *.licdn.com *.linkedin.com cdn.linkedin.oribi.io dpm.demdex.net/id lnkd.demdex.net blob: data: accounts.google.com/gsi/ www.google.com/recaptcha/ linkedin.sc.omtrdc.net/b/ss/ *.microsoft.com login.microsoftonline.com *.adnxs.com *.qualtrics.com *.xlgmedia.com collect.tealiumiq.com bat.bing.com www.googletagmanager.com www.googleadservices.com googleads.g.doubleclick.net www.google.com google.com adservice.google.com td.doubleclick.net pagead2.googlesyndication.com ad.doubleclick.net trkn.us *.licdn.cn". The action has been blocked.", source: https://www.linkedin.com/feed/ (0)
[616:9272:0411/174539.523:INFO:CONSOLE:0] "Connecting to 'https://www.google.co.in/pagead/1p-conversion/851212376/?random=1186813645&cv=11&fst=1775909738469&bg=ffffff&guid=ON&async=1&en=conversion&gtm=45be6481v9174922687za200zb880450157zd880450157xec&gcs=G110&gcd=13r3q3X3r7l1&dma=0&tag_exp=0~115616986~115938466~115938468~117384405&u_w=1536&u_h=864&url=https%3A%2F%2Fwww.linkedin.com%2Ffeed%2F&rcb=2&label=6PyMCP6clYcbENjw8ZUD&capi=1&gtm_ee=1&frm=0&tiba=Feed%20%7C%20LinkedIn&did=dYmQxMT&gdid=dYmQxMT&hn=www.googleadservices.com&npa=1&pscdl=noapi&auid=938099910.177590...IA2IICAAQABgAIAAyDAgEYggIABAAGAAgADIMCAdiCAgAEAAYACAAMgwICGIICAAQABgAIAAyDAgJYggIABAAGAAgADIMCApiCAgAEAAYACAAMgwIAmIICAAQABgAIAAyDAgLYggIABAAGAAgADIMCBViCAgAEAAYACAAMgwIH2IICAAQABgAIAAyDAgTYggIABAAGAAgADIMCBJiCAgAEAAYACAAOhlodHRwczovL3d3dy5saW5rZWRpbi5jb20vQldDaEVJOE9MbnpnWVFtSXplcGVlNGdiTEhBUklzQU42d2pHdjA4SXBYLXZwVUJFY3RVOWg0TzE0NUJ6LXNFSmM4OXBaN012VVFNYUlQbFJSMFM3MktrVkF6DAgJYggIABAAGAAgAIIBCXABiAEB4gEBAg&ezwbk=AZuM4hBjL2rd2yLIJcVtr1DxLFy9tFoMU3-GZrT3AQImyoN--HLB5lcpDhEbdGj4VsPZe9tFG2iRg4UbWx3JmJU1RYY0' violates the following Content Security Policy directive: "connect-src 'self' *.licdn.com *.linkedin.com cdn.linkedin.oribi.io dpm.demdex.net/id lnkd.demdex.net blob: data: accounts.google.com/gsi/ www.google.com/recaptcha/ linkedin.sc.omtrdc.net/b/ss/ *.microsoft.com login.microsoftonline.com *.adnxs.com *.qualtrics.com *.xlgmedia.com collect.tealiumiq.com bat.bing.com www.googletagmanager.com www.googleadservices.com googleads.g.doubleclick.net www.google.com google.com adservice.google.com td.doubleclick.net pagead2.googlesyndication.com ad.doubleclick.net trkn.us *.licdn.cn". The action has been blocked.", source: https://www.linkedin.com/feed/ (0)
[23464:12348:0411/174539.590:INFO:third_party\blink\renderer\modules\peerconnection\peer_connection_dependency_factory.cc:941] Running WebRTC with a combined Network and Worker thread.
[23464:12348:0411/174539.592:INFO:third_party\webrtc\media\engine\webrtc_voice_engine.cc:490] WebRtcVoiceEngine::WebRtcVoiceEngine
[23464:12348:0411/174540.570:INFO:third_party\webrtc\media\base\codec.cc:393] Explicitly added H264 constrained baseline to list of supported formats.
[23464:10236:0411/174540.570:INFO:third_party\webrtc\pc\peer_connection_factory.cc:381] Using default network controller factory
[23464:10236:0411/174540.570:INFO:third_party\webrtc\modules\pacing\bitrate_prober.cc:54] Bandwidth probing enabled, set to inactive
[23464:10236:0411/174540.572:INFO:third_party\webrtc\modules\remote_bitrate_estimator\transport_sequence_number_feedback_generator.cc:52] Maximum interval between transport feedback RTCP messages: 250 ms
[23464:10236:0411/174540.572:INFO:third_party\webrtc\modules\remote_bitrate_estimator\aimd_rate_control.cc:88] Using aimd rate control with back off factor 0.85
[23464:10236:0411/174540.572:INFO:third_party\webrtc\modules\remote_bitrate_estimator\remote_bitrate_estimator_single_stream.cc:59] RemoteBitrateEstimatorSingleStream: Instantiating.
[23464:12348:0411/174540.572:INFO:third_party\webrtc\media\base\codec.cc:393] Explicitly added H264 constrained baseline to list of supported formats.
[23464:10236:0411/174540.573:INFO:third_party\webrtc\media\engine\webrtc_voice_engine.cc:524] WebRtcVoiceEngine::Init
[23464:10236:0411/174540.573:INFO:third_party\webrtc\media\engine\webrtc_voice_engine.cc:608] WebRtcVoiceEngine::ApplyOptions: AudioOptions {aec: 1, agc: 1, ns: 1, hf: 1, swap: 0, audio_jitter_buffer_max_packets: 200, audio_jitter_buffer_fast_accelerate: 0, audio_jitter_buffer_min_delay_ms: 0, }
[23464:10236:0411/174540.573:INFO:third_party\webrtc\rtc_base\openssl_key_pair.cc:36] Making key pair
[23464:10236:0411/174540.573:INFO:third_party\webrtc\rtc_base\openssl_key_pair.cc:89] Returning key pair
[23464:10236:0411/174540.573:INFO:third_party\webrtc\rtc_base\boringssl_certificate.cc:186] Making certificate for WebRTC
[23464:10236:0411/174540.574:INFO:third_party\webrtc\rtc_base\boringssl_certificate.cc:242] Returning certificate
[616:9272:0411/174540.604:INFO:CONSOLE:9768] "TypeError: network error", source: https://static.licdn.com/aero-v1/sc/h/e2ml8mg5ocni4sfi8wy1gwaez (9768)
[616:9272:0411/174540.765:INFO:CONSOLE:1] "Attribute 'exception.tags' of type 'object' could not be converted to a proto attribute.", source: https://static.licdn.com/aero-v1/sc/h/assets/B8ALA1TL.js (1)
[616:9272:0411/174540.767:INFO:CONSOLE:1] "Attribute 'exception.tags' of type 'object' could not be converted to a proto attribute.", source: https://static.licdn.com/aero-v1/sc/h/assets/B8ALA1TL.js (1)
[23464:12348:0411/174540.893:INFO:third_party\webrtc\pc\sdp_offer_answer.cc:3211] Session: 911393130453667182 Old state: stable New state: closed
[616:9272:0411/174541.588:INFO:CONSOLE:1] "BooleanExpression with operator "numericEquals" had an expression that evaluated to null on one side.", source: https://static.licdn.com/aero-v1/sc/h/assets/Br7LL2tT.js (1)
[616:9272:0411/174541.588:INFO:CONSOLE:1] "BooleanExpression with operator "numericEquals" had an expression that evaluated to null on one side.", source: https://static.licdn.com/aero-v1/sc/h/assets/Br7LL2tT.js (1)
[616:9272:0411/174541.605:INFO:CONSOLE:1] "BooleanExpression with operator "numericEquals" had an expression that evaluated to null on one side.", source: https://static.licdn.com/aero-v1/sc/h/assets/Br7LL2tT.js (1)
[616:9272:0411/174541.605:INFO:CONSOLE:1] "BooleanExpression with operator "numericEquals" had an expression that evaluated to null on one side.", source: https://static.licdn.com/aero-v1/sc/h/assets/Br7LL2tT.js (1)
[616:9272:0411/174541.622:INFO:CONSOLE:1] "BooleanExpression with operator "stringEquals" had an expression that evaluated to null on one side.", source: https://static.licdn.com/aero-v1/sc/h/assets/Br7LL2tT.js (1)
[616:9272:0411/174541.622:INFO:CONSOLE:1] "BooleanExpression with operator "not" had an expression that evaluated to null on one side.", source: https://static.licdn.com/aero-v1/sc/h/assets/Br7LL2tT.js (1)
[616:9272:0411/174541.622:INFO:CONSOLE:1] "BooleanExpression with operator "stringEquals" had an expression that evaluated to null on one side.", source: https://static.licdn.com/aero-v1/sc/h/assets/Br7LL2tT.js (1)
[616:9272:0411/174541.622:INFO:CONSOLE:1] "BooleanExpression with operator "not" had an expression that evaluated to null on one side.", source: https://static.licdn.com/aero-v1/sc/h/assets/Br7LL2tT.js (1)
[616:9272:0411/174541.709:INFO:CONSOLE:1] "BooleanExpression with operator "numericEquals" had an expression that evaluated to null on one side.", source: https://static.licdn.com/aero-v1/sc/h/assets/Br7LL2tT.js (1)
[616:9272:0411/174541.709:INFO:CONSOLE:1] "BooleanExpression with operator "numericEquals" had an expression that evaluated to null on one side.", source: https://static.licdn.com/aero-v1/sc/h/assets/Br7LL2tT.js (1)
[616:9272:0411/174541.712:INFO:CONSOLE:1] "BooleanExpression with operator "numericEquals" had an expression that evaluated to null on one side.", source: https://static.licdn.com/aero-v1/sc/h/assets/Br7LL2tT.js (1)
[616:9272:0411/174541.713:INFO:CONSOLE:1] "BooleanExpression with operator "numericEquals" had an expression that evaluated to null on one side.", source: https://static.licdn.com/aero-v1/sc/h/assets/Br7LL2tT.js (1)
[616:9272:0411/174541.719:INFO:CONSOLE:1] "BooleanExpression with operator "stringEquals" had an expression that evaluated to null on one side.", source: https://static.licdn.com/aero-v1/sc/h/assets/Br7LL2tT.js (1)
[616:9272:0411/174541.719:INFO:CONSOLE:1] "BooleanExpression with operator "not" had an expression that evaluated to null on one side.", source: https://static.licdn.com/aero-v1/sc/h/assets/Br7LL2tT.js (1)
[616:9272:0411/174541.719:INFO:CONSOLE:1] "BooleanExpression with operator "stringEquals" had an expression that evaluated to null on one side.", source: https://static.licdn.com/aero-v1/sc/h/assets/Br7LL2tT.js (1)
[616:9272:0411/174541.720:INFO:CONSOLE:1] "BooleanExpression with operator "not" had an expression that evaluated to null on one side.", source: https://static.licdn.com/aero-v1/sc/h/assets/Br7LL2tT.js (1)
[616:9272:0411/174542.009:INFO:CONSOLE:1] "Attribute 'exception.tags' of type 'object' could not be converted to a proto attribute.", source: https://static.licdn.com/aero-v1/sc/h/assets/B8ALA1TL.js (1)
[616:9272:0411/174542.011:INFO:CONSOLE:1] "Uncaught (in promise) Error: Minified React error #418; visit https://react.dev/errors/418?args[]= for the full message or use the non-minified dev environment for full errors and additional helpful warnings.", source: https://static.licdn.com/aero-v1/sc/h/assets/BFNA18Qi.js (1)
[616:9272:0411/174542.604:INFO:CONSOLE:1] "Attribute 'exception.tags' of type 'object' could not be converted to a proto attribute.", source: https://static.licdn.com/aero-v1/sc/h/assets/B8ALA1TL.js (1)
[616:9272:0411/174542.605:INFO:CONSOLE:1] "Attribute 'exception.tags' of type 'object' could not be converted to a proto attribute.", source: https://static.licdn.com/aero-v1/sc/h/assets/B8ALA1TL.js (1)
[13492:20044:0411/174545.216:INFO:third_party\webrtc\rtc_base\cpu_info.cc:75] Available number of cores: 8
[616:9272:0411/174545.325:INFO:CONSOLE:2] "%c ", source: https://client.protechts.net/PXdOjV695v/main.min.js (2)
[616:9272:0411/174545.403:INFO:CONSOLE:2] "%c ", source: https://client.protechts.net/PXdOjV695v/main.min.js (2)
[616:9272:0411/174545.513:INFO:CONSOLE:1] "VIDEOJS: WARN: Using the tech directly can be dangerous. I hope you know what you're doing.
See https://github.com/videojs/video.js/issues/2617 for more info.
", source: https://static.licdn.com/aero-v1/sc/h/assets/B3Xe6qnB.js (1)
[12992:15132:0411/174545.557:INFO:third_party\webrtc\rtc_base\cpu_info.cc:75] Available number of cores: 8
[7132:312:0411/174545.664:INFO:third_party\webrtc\rtc_base\cpu_info.cc:75] Available number of cores: 8
[5668:22268:0411/174546.064:INFO:third_party\webrtc\rtc_base\cpu_info.cc:75] Available number of cores: 8
[23464:12348:0411/174546.124:INFO:third_party\blink\renderer\modules\peerconnection\peer_connection_dependency_factory.cc:941] Running WebRTC with a combined Network and Worker thread.
[23464:12348:0411/174546.124:INFO:third_party\webrtc\media\engine\webrtc_voice_engine.cc:490] WebRtcVoiceEngine::WebRtcVoiceEngine
[23464:12348:0411/174546.125:INFO:third_party\webrtc\media\base\codec.cc:393] Explicitly added H264 constrained baseline to list of supported formats.
[23464:10236:0411/174546.127:INFO:third_party\webrtc\pc\peer_connection_factory.cc:381] Using default network controller factory
[23464:10236:0411/174546.127:INFO:third_party\webrtc\modules\pacing\bitrate_prober.cc:54] Bandwidth probing enabled, set to inactive
[23464:10236:0411/174546.127:INFO:third_party\webrtc\modules\remote_bitrate_estimator\transport_sequence_number_feedback_generator.cc:52] Maximum interval between transport feedback RTCP messages: 250 ms
[23464:10236:0411/174546.127:INFO:third_party\webrtc\modules\remote_bitrate_estimator\aimd_rate_control.cc:88] Using aimd rate control with back off factor 0.85
[23464:10236:0411/174546.127:INFO:third_party\webrtc\modules\remote_bitrate_estimator\remote_bitrate_estimator_single_stream.cc:59] RemoteBitrateEstimatorSingleStream: Instantiating.
[23464:12348:0411/174546.128:INFO:third_party\webrtc\media\base\codec.cc:393] Explicitly added H264 constrained baseline to list of supported formats.
[23464:10236:0411/174546.129:INFO:third_party\webrtc\media\engine\webrtc_voice_engine.cc:524] WebRtcVoiceEngine::Init
[23464:10236:0411/174546.129:INFO:third_party\webrtc\media\engine\webrtc_voice_engine.cc:608] WebRtcVoiceEngine::ApplyOptions: AudioOptions {aec: 1, agc: 1, ns: 1, hf: 1, swap: 0, audio_jitter_buffer_max_packets: 200, audio_jitter_buffer_fast_accelerate: 0, audio_jitter_buffer_min_delay_ms: 0, }
[23464:10236:0411/174546.129:INFO:third_party\webrtc\rtc_base\openssl_key_pair.cc:36] Making key pair
[23464:10236:0411/174546.129:INFO:third_party\webrtc\rtc_base\openssl_key_pair.cc:89] Returning key pair
[23464:10236:0411/174546.129:INFO:third_party\webrtc\rtc_base\boringssl_certificate.cc:186] Making certificate for WebRTC
[23464:10236:0411/174546.129:INFO:third_party\webrtc\rtc_base\boringssl_certificate.cc:242] Returning certificate
[23464:10236:0411/174546.136:INFO:third_party\webrtc\p2p\base\p2p_transport_channel.cc:560] Set backup connection ping interval to 25 s milliseconds.
[23464:10236:0411/174546.136:INFO:third_party\webrtc\p2p\base\p2p_transport_channel.cc:569] Set ICE receiving timeout to 2500 ms milliseconds
[23464:10236:0411/174546.136:INFO:third_party\webrtc\p2p\base\p2p_transport_channel.cc:576] Set ping most likely connection to 0
[23464:10236:0411/174546.136:INFO:third_party\webrtc\p2p\base\p2p_transport_channel.cc:583] Set stable_writable_connection_ping_interval to 2500 ms
[23464:10236:0411/174546.136:INFO:third_party\webrtc\p2p\base\p2p_transport_channel.cc:596] Set presume writable when fully relayed to 0
[23464:10236:0411/174546.136:INFO:third_party\webrtc\p2p\base\p2p_transport_channel.cc:614] Set regather_on_failed_networks_interval to 300 s
[23464:10236:0411/174546.136:INFO:third_party\webrtc\p2p\base\p2p_transport_channel.cc:624] Set receiving_switching_delay to 1 s
[23464:10236:0411/174546.136:INFO:third_party\webrtc\pc\jsep_transport_controller.cc:589] Creating DtlsSrtpTransport.
[23464:10236:0411/174546.136:INFO:third_party\webrtc\pc\dtls_srtp_transport.cc:53] Setting RTP Transport on 0 transport 0x573c029ddc00
[23464:10236:0411/174546.136:INFO:third_party\webrtc\pc\srtp_transport.cc:273] The params in SRTP transport are reset.
[23464:10236:0411/174546.136:INFO:third_party\webrtc\p2p\base\p2p_transport_channel.cc:494] Set ICE ufrag: 0/bU pwd: 4Jt/NGW9K2r0yVkEjgv3cp2Z on transport 0
[23464:12348:0411/174546.136:INFO:third_party\webrtc\pc\peer_connection.cc:2265] Creating data channel, mid=0
[23464:12348:0411/174546.136:INFO:third_party\webrtc\pc\sdp_offer_answer.cc:3211] Session: 4701736715691844777 Old state: stable New state: have-local-offer
[23464:10236:0411/174546.139:INFO:third_party\webrtc\p2p\client\basic_port_allocator.cc:372] Start getting ports with turn_port_prune_policy 0
[616:9272:0411/174546.142:INFO:CONSOLE:1] "%c ", source: https://crcldu.com/bd/auditor.js?v=1775909760000 (1)
[23464:10236:0411/174546.149:INFO:third_party\webrtc\p2p\client\basic_port_allocator.cc:805] Allocate ports on any any 
[23464:10236:0411/174546.151:INFO:third_party\webrtc\p2p\client\basic_port_allocator.cc:893] Network manager has started
[23464:10236:0411/174546.151:INFO:third_party\webrtc\p2p\client\basic_port_allocator.cc:1404] Net[any:0.0.0.x/0:Wildcard:id=0]: Allocation Phase=Udp
[23464:10236:0411/174546.151:INFO:third_party\webrtc\p2p\base\port.cc:130] Port[29e1780:0:1:0:host:Net[any:0.0.0.x/0:Wildcard:id=0]]: Port created with network cost 999
[23464:10236:0411/174546.151:INFO:third_party\webrtc\p2p\client\basic_port_allocator.cc:1491] AllocationSequence: UDPPort will be handling the STUN candidate generation.
[23464:10236:0411/174546.151:INFO:third_party\webrtc\p2p\client\basic_port_allocator.cc:915] Adding allocated port for 0
[23464:10236:0411/174546.151:INFO:third_party\webrtc\p2p\client\basic_port_allocator.cc:937] Port[29e1780:0:1:0:host:Net[any:0.0.0.x/0:Wildcard:id=0]]: Added port to allocator
[23464:10236:0411/174546.151:INFO:third_party\webrtc\p2p\client\basic_port_allocator.cc:1404] Net[any:0:0:0:x:x:x:x:x/0:Wildcard:id=0]: Allocation Phase=Udp
[23464:10236:0411/174546.151:INFO:third_party\webrtc\p2p\base\port.cc:130] Port[29e1e80:0:1:0:host:Net[any:0:0:0:x:x:x:x:x/0:Wildcard:id=0]]: Port created with network cost 999
[23464:10236:0411/174546.151:INFO:third_party\webrtc\p2p\client\basic_port_allocator.cc:1491] AllocationSequence: UDPPort will be handling the STUN candidate generation.
[23464:10236:0411/174546.151:INFO:third_party\webrtc\p2p\client\basic_port_allocator.cc:915] Adding allocated port for 0
[23464:10236:0411/174546.151:INFO:third_party\webrtc\p2p\client\basic_port_allocator.cc:937] Port[29e1e80:0:1:0:host:Net[any:0:0:0:x:x:x:x:x/0:Wildcard:id=0]]: Added port to allocator
[23464:10236:0411/174546.208:INFO:third_party\webrtc\p2p\client\basic_port_allocator.cc:1404] Net[any:0.0.0.x/0:Wildcard:id=0]: Allocation Phase=Relay
[23464:10236:0411/174546.208:INFO:third_party\webrtc\p2p\client\basic_port_allocator.cc:1404] Net[any:0:0:0:x:x:x:x:x/0:Wildcard:id=0]: Allocation Phase=Relay
[23464:10236:0411/174546.229:INFO:third_party\webrtc\p2p\base\stun_port.cc:459] Port[29e1780:0:1:0:host:Net[any:0.0.0.x/0:Wildcard:id=0]]: Starting STUN host lookup for stun.l.google.com:19302
[23464:10236:0411/174546.229:INFO:third_party\webrtc\p2p\base\stun_port.cc:459] Port[29e1e80:0:1:0:host:Net[any:0:0:0:x:x:x:x:x/0:Wildcard:id=0]]: Starting STUN host lookup for stun.l.google.com:19302
[23464:10236:0411/174546.269:INFO:third_party\webrtc\p2p\client\basic_port_allocator.cc:1404] Net[any:0.0.0.x/0:Wildcard:id=0]: Allocation Phase=Tcp
[23464:10236:0411/174546.269:INFO:third_party\webrtc\p2p\base\port.cc:130] Port[85300:0:1:0:host:Net[any:0.0.0.x/0:Wildcard:id=0]]: Port created with network cost 999
[23464:10236:0411/174546.269:INFO:third_party\webrtc\p2p\client\basic_port_allocator.cc:915] Adding allocated port for 0
[23464:10236:0411/174546.269:INFO:third_party\webrtc\p2p\client\basic_port_allocator.cc:937] Port[85300:0:1:0:host:Net[any:0.0.0.x/0:Wildcard:id=0]]: Added port to allocator
[23464:10236:0411/174546.269:INFO:third_party\webrtc\p2p\base\tcp_port.cc:183] Port[85300:0:1:0:host:Net[any:0.0.0.x/0:Wildcard:id=0]]: Not listening due to firewall restrictions.
[23464:10236:0411/174546.269:INFO:third_party\webrtc\p2p\client\basic_port_allocator.cc:1404] Net[any:0:0:0:x:x:x:x:x/0:Wildcard:id=0]: Allocation Phase=Tcp
[23464:10236:0411/174546.269:INFO:third_party\webrtc\p2p\base\port.cc:130] Port[85000:0:1:0:host:Net[any:0:0:0:x:x:x:x:x/0:Wildcard:id=0]]: Port created with network cost 999
[23464:10236:0411/174546.269:INFO:third_party\webrtc\p2p\client\basic_port_allocator.cc:915] Adding allocated port for 0
[23464:10236:0411/174546.269:INFO:third_party\webrtc\p2p\client\basic_port_allocator.cc:937] Port[85000:0:1:0:host:Net[any:0:0:0:x:x:x:x:x/0:Wildcard:id=0]]: Added port to allocator
[23464:10236:0411/174546.269:INFO:third_party\webrtc\p2p\base\tcp_port.cc:183] Port[85000:0:1:0:host:Net[any:0:0:0:x:x:x:x:x/0:Wildcard:id=0]]: Not listening due to firewall restrictions.
[23464:10236:0411/174546.276:INFO:third_party\webrtc\p2p\client\basic_port_allocator.cc:954] Port[29e1780:0:1:0:host:Net[any:0.0.0.x/0:Wildcard:id=0]]: Gathered candidate: Cand[:1846235461:1:udp:2113937151:44a2635a-94e7-4daf-90e5-156ab783e53a.local:49759:host::0:0/bU:4Jt/NGW9K2r0yVkEjgv3cp2Z:0:999:0]
[23464:10236:0411/174546.276:INFO:third_party\webrtc\p2p\client\basic_port_allocator.cc:987] Port[29e1780:0:1:0:host:Net[any:0.0.0.x/0:Wildcard:id=0]]: Port ready.
[19704:12896:0411/174546.280:WARNING:net\dns\host_resolver_dns_task.cc:934] Address list empty after RFC3484 sort
[23464:10236:0411/174546.284:INFO:third_party\webrtc\p2p\client\basic_port_allocator.cc:954] Port[29e1e80:0:1:0:host:Net[any:0:0:0:x:x:x:x:x/0:Wildcard:id=0]]: Gathered candidate: Cand[:2824522774:1:udp:2113929727:3d58ecd0-57a8-471b-b3db-f8df99c550c3.local:49760:host::0:0/bU:4Jt/NGW9K2r0yVkEjgv3cp2Z:0:999:0]
[23464:10236:0411/174546.284:INFO:third_party\webrtc\p2p\client\basic_port_allocator.cc:987] Port[29e1e80:0:1:0:host:Net[any:0:0:0:x:x:x:x:x/0:Wildcard:id=0]]: Port ready.
[23464:10236:0411/174546.284:INFO:third_party\webrtc\p2p\client\basic_port_allocator.cc:998] Discarding candidate because it doesn't match filter.
[23464:10236:0411/174546.292:INFO:third_party\webrtc\p2p\client\basic_port_allocator.cc:954] Port[29e1780:0:1:0:host:Net[any:0.0.0.x/0:Wildcard:id=0]]: Gathered candidate: Cand[:2607193272:1:udp:1677729535:103.50.150.x:58435:srflx:192.168.1.x:49759:0/bU:4Jt/NGW9K2r0yVkEjgv3cp2Z:0:999:0]
[23464:10236:0411/174546.292:INFO:third_party\webrtc\p2p\client\basic_port_allocator.cc:1099] Port[29e1780:0:1:0:host:Net[any:0.0.0.x/0:Wildcard:id=0]]: Port completed gathering candidates.
[23464:3364:0411/174546.292:ERROR:media\base\status.h:501] DecoderStatus::0
[19704:12896:0411/174546.298:ERROR:services\network\p2p\socket_manager.cc:137] Failed to resolve address for stun.l.google.com., errorcode: -105
[23464:10236:0411/174546.307:INFO:third_party\webrtc\p2p\client\basic_port_allocator.cc:954] Port[85300:0:1:0:host:Net[any:0.0.0.x/0:Wildcard:id=0]]: Gathered candidate: Cand[:4180067913:1:tcp:1509957375:e80a73ba-b5d4-48fa-8233-3276ac3f14c4.local:9:host::0:0/bU:4Jt/NGW9K2r0yVkEjgv3cp2Z:0:999:0]
[23464:10236:0411/174546.307:INFO:third_party\webrtc\p2p\client\basic_port_allocator.cc:987] Port[85300:0:1:0:host:Net[any:0.0.0.x/0:Wildcard:id=0]]: Port ready.
[23464:10236:0411/174546.307:INFO:third_party\webrtc\p2p\client\basic_port_allocator.cc:998] Discarding candidate because it doesn't match filter.
[23464:10236:0411/174546.307:INFO:third_party\webrtc\p2p\client\basic_port_allocator.cc:1099] Port[85300:0:1:0:host:Net[any:0.0.0.x/0:Wildcard:id=0]]: Port completed gathering candidates.
[23464:10236:0411/174546.307:INFO:third_party\webrtc\p2p\client\basic_port_allocator.cc:954] Port[85000:0:1:0:host:Net[any:0:0:0:x:x:x:x:x/0:Wildcard:id=0]]: Gathered candidate: Cand[:3600101006:1:tcp:1509949951:3d58ecd0-57a8-471b-b3db-f8df99c550c3.local:9:host::0:0/bU:4Jt/NGW9K2r0yVkEjgv3cp2Z:0:999:0]
[23464:10236:0411/174546.307:INFO:third_party\webrtc\p2p\client\basic_port_allocator.cc:987] Port[85000:0:1:0:host:Net[any:0:0:0:x:x:x:x:x/0:Wildcard:id=0]]: Port ready.
[23464:10236:0411/174546.307:INFO:third_party\webrtc\p2p\client\basic_port_allocator.cc:998] Discarding candidate because it doesn't match filter.
[23464:10236:0411/174546.307:INFO:third_party\webrtc\p2p\client\basic_port_allocator.cc:1099] Port[85000:0:1:0:host:Net[any:0:0:0:x:x:x:x:x/0:Wildcard:id=0]]: Port completed gathering candidates.
[23464:10236:0411/174546.320:WARNING:third_party\webrtc\p2p\base\stun_port.cc:470] Port[29e1e80:0:1:0:host:Net[any:0:0:0:x:x:x:x:x/0:Wildcard:id=0]]: StunPort: stun host lookup received error -1
[23464:10236:0411/174546.321:INFO:third_party\webrtc\p2p\client\basic_port_allocator.cc:1099] Port[29e1e80:0:1:0:host:Net[any:0:0:0:x:x:x:x:x/0:Wildcard:id=0]]: Port completed gathering candidates.
[23464:10236:0411/174546.321:INFO:third_party\webrtc\p2p\client\basic_port_allocator.cc:1173] All candidates gathered for 0:1:0
[23464:10236:0411/174546.321:INFO:third_party\webrtc\p2p\base\p2p_transport_channel.cc:977] P2PTransportChannel: 0, component 1 gathering complete
[616:9272:0411/174546.549:WARNING:chrome\browser\media\prefs\capture_device_ranking.h:255] Can't initialize the value of media.audio_input.user_preference_ranking because media.default_audio_capture_device isn't registered or is empty
[616:9272:0411/174546.549:WARNING:chrome\browser\media\prefs\capture_device_ranking.h:255] Can't initialize the value of media.video_input.user_preference_ranking because media.default_video_capture_Device isn't registered or is empty
[616:22832:0411/174552.412:ERROR:google_apis\gcm\engine\registration_request.cc:291] Registration response error message: DEPRECATED_ENDPOINT
[7556:22160:0411/174553.825:INFO:third_party\webrtc\rtc_base\cpu_info.cc:75] Available number of cores: 8
[23464:10236:0411/174603.914:INFO:third_party\webrtc\media\engine\webrtc_voice_engine.cc:562] WebRtcVoiceEngine::Terminate
[23464:10236:0411/174603.914:WARNING:third_party\webrtc\media\engine\webrtc_voice_engine.cc:805] Attempting to stop aecdump when no audio processing module is present
[23464:10236:0411/174603.914:INFO:third_party\webrtc\media\engine\webrtc_voice_engine.cc:518] WebRtcVoiceEngine::~WebRtcVoiceEngine
[23464:12348:0411/174615.342:INFO:third_party\webrtc\pc\sdp_offer_answer.cc:3211] Session: 4701736715691844777 Old state: have-local-offer New state: closed
[23464:10236:0411/174615.342:INFO:third_party\webrtc\pc\peer_connection.cc:2714] Tearing down data channel transport for mid=0
